{
    "timestamp": "2026-01-20 15:57:50",
    "ip": "102.89.82.241",
    "user_agent": "Mozilla\/5.0 (Windows NT 10.0; Win64; x64) AppleWebKit\/537.36 (KHTML, like Gecko) Chrome\/143.0.0.0 Safari\/537.36",
    "form_data": {
        "name": "Emmanuel Ademuyiwa",
        "email": "samadeimmanuel@yahoo.com",
        "phone": "+2349035448295",
        "department": "procurement",
        "subject": "checking",
        "message": "just checking"
    }
}
---
WhatsApp Notification: https://wa.me/+2349051586024?text=%F0%9F%93%A7+New+Contact+Form%3A%0AName%3A+Emmanuel+Ademuyiwa%0APhone%3A+%2B2349035448295%0AEmail%3A+samadeimmanuel%40yahoo.com%0ASubject%3A+checking%0ADepartment%3A+procurement
{
    "timestamp": "2026-01-20 16:02:59",
    "ip": "102.89.82.241",
    "user_agent": "Mozilla\/5.0 (Windows NT 10.0; Win64; x64) AppleWebKit\/537.36 (KHTML, like Gecko) Chrome\/143.0.0.0 Safari\/537.36",
    "form_data": {
        "name": "Emmanuel Ademuyiwa",
        "email": "samadeimmanuel@yahoo.com",
        "phone": "+2349035448295",
        "department": "registration",
        "subject": "DOMAIN NOT POINTING TO MY SERVER",
        "message": "gliufkuyfklgu"
    }
}
---
WhatsApp Notification: https://wa.me/+2349051586024?text=%F0%9F%93%A7+New+Contact+Form%3A%0AName%3A+Emmanuel+Ademuyiwa%0APhone%3A+%2B2349035448295%0AEmail%3A+samadeimmanuel%40yahoo.com%0ASubject%3A+DOMAIN+NOT+POINTING+TO+MY+SERVER%0ADepartment%3A+registration
{
    "timestamp": "2026-01-20 16:16:46",
    "ip": "102.89.82.241",
    "user_agent": "Mozilla\/5.0 (Windows NT 10.0; Win64; x64) AppleWebKit\/537.36 (KHTML, like Gecko) Chrome\/143.0.0.0 Safari\/537.36",
    "form_data": {
        "name": "Emmanuel Ademuyiwa",
        "email": "samadeimmanuel@yahoo.com",
        "phone": "+2349035448295",
        "department": "academy",
        "subject": "cheking",
        "message": "this is a check."
    }
}
---
WhatsApp Notification: https://wa.me/+2349051586024?text=%F0%9F%93%A7+New+Contact+Form%3A%0AName%3A+Emmanuel+Ademuyiwa%0APhone%3A+%2B2349035448295%0AEmail%3A+samadeimmanuel%40yahoo.com%0ASubject%3A+cheking%0ADepartment%3A+academy
